{"numFailedTestSuites":1,"numFailedTests":1,"numPassedTestSuites":0,"numPassedTests":5,"numPendingTestSuites":0,"numPendingTests":0,"numRuntimeErrorTestSuites":0,"numTodoTests":0,"numTotalTestSuites":1,"numTotalTests":6,"openHandles":[],"snapshot":{"added":0,"didUpdate":false,"failure":false,"filesAdded":0,"filesRemoved":0,"filesRemovedList":[],"filesUnmatched":0,"filesUpdated":0,"matched":0,"total":0,"unchecked":0,"uncheckedKeysByFile":[],"unmatched":0,"updated":0},"startTime":1767479407245,"success":false,"testResults":[{"assertionResults":[{"ancestorTitles":["API Integration Tests","GET /api/test"],"duration":41,"failing":false,"failureDetails":[],"failureMessages":[],"fullName":"API Integration Tests GET /api/test should return 200 and server alive message","invocations":1,"location":null,"numPassingAsserts":2,"retryReasons":[],"startAt":1767479418098,"status":"passed","title":"should return 200 and server alive message"},{"ancestorTitles":["API Integration Tests","AUTH Endpoints"],"duration":26,"failing":false,"failureDetails":[],"failureMessages":[],"fullName":"API Integration Tests AUTH Endpoints POST /auth/login - should attempt to login via Supabase","invocations":1,"location":null,"numPassingAsserts":3,"retryReasons":[],"startAt":1767479418141,"status":"passed","title":"POST /auth/login - should attempt to login via Supabase"},{"ancestorTitles":["API Integration Tests","AUTH Endpoints"],"duration":7,"failing":false,"failureDetails":[],"failureMessages":[],"fullName":"API Integration Tests AUTH Endpoints POST /auth/login - should return 401 on failure","invocations":1,"location":null,"numPassingAsserts":2,"retryReasons":[],"startAt":1767479418168,"status":"passed","title":"POST /auth/login - should return 401 on failure"},{"ancestorTitles":["API Integration Tests","Protected Routes"],"duration":9,"failing":false,"failureDetails":[],"failureMessages":[],"fullName":"API Integration Tests Protected Routes GET /api/tickets - should return 200 and list of tickets for admin","invocations":1,"location":null,"numPassingAsserts":3,"retryReasons":[],"startAt":1767479418176,"status":"passed","title":"GET /api/tickets - should return 200 and list of tickets for admin"},{"ancestorTitles":["API Integration Tests","Protected Routes"],"duration":7,"failing":false,"failureDetails":[],"failureMessages":[],"fullName":"API Integration Tests Protected Routes GET /api/tickets - should return 403 if user is a client","invocations":1,"location":null,"numPassingAsserts":1,"retryReasons":[],"startAt":1767479418186,"status":"passed","title":"GET /api/tickets - should return 403 if user is a client"},{"ancestorTitles":["API Integration Tests","Schedule Creation & Inventory Integration"],"duration":134,"failing":false,"failureDetails":[{"matcherResult":{"actual":500,"expected":201,"message":"\u001b[2mexpect(\u001b[22m\u001b[31mreceived\u001b[39m\u001b[2m).\u001b[22mtoBe\u001b[2m(\u001b[22m\u001b[32mexpected\u001b[39m\u001b[2m) // Object.is equality\u001b[22m\n\nExpected: \u001b[32m201\u001b[39m\nReceived: \u001b[31m500\u001b[39m","name":"toBe","pass":false}}],"failureMessages":["Error: \u001b[2mexpect(\u001b[22m\u001b[31mreceived\u001b[39m\u001b[2m).\u001b[22mtoBe\u001b[2m(\u001b[22m\u001b[32mexpected\u001b[39m\u001b[2m) // Object.is equality\u001b[22m\n\nExpected: \u001b[32m201\u001b[39m\nReceived: \u001b[31m500\u001b[39m\n    at C:\\AntiGravity\\Project1\\server\\src\\__tests__\\api.test.ts:209:36\n    at Generator.next (<anonymous>)\n    at fulfilled (C:\\AntiGravity\\Project1\\server\\src\\__tests__\\api.test.ts:5:58)\n    at processTicksAndRejections (node:internal/process/task_queues:103:5)"],"fullName":"API Integration Tests Schedule Creation & Inventory Integration POST /api/schedules - should create a schedule and reserve parts correctly","invocations":1,"location":null,"numPassingAsserts":0,"retryReasons":[],"startAt":1767479418195,"status":"failed","title":"POST /api/schedules - should create a schedule and reserve parts correctly"}],"endTime":1767479418352,"message":"\u001b[1m\u001b[31m  \u001b[1m● \u001b[22m\u001b[1mAPI Integration Tests › Schedule Creation & Inventory Integration › POST /api/schedules - should create a schedule and reserve parts correctly\u001b[39m\u001b[22m\n\n    \u001b[2mexpect(\u001b[22m\u001b[31mreceived\u001b[39m\u001b[2m).\u001b[22mtoBe\u001b[2m(\u001b[22m\u001b[32mexpected\u001b[39m\u001b[2m) // Object.is equality\u001b[22m\n\n    Expected: \u001b[32m201\u001b[39m\n    Received: \u001b[31m500\u001b[39m\n\u001b[2m\u001b[22m\n\u001b[2m    \u001b[0m \u001b[90m 207 |\u001b[39m\u001b[22m\n\u001b[2m     \u001b[90m 208 |\u001b[39m             \u001b[90m// 3. Assertions\u001b[39m\u001b[22m\n\u001b[2m    \u001b[31m\u001b[1m>\u001b[22m\u001b[2m\u001b[39m\u001b[90m 209 |\u001b[39m             expect(res\u001b[33m.\u001b[39mstatusCode)\u001b[33m.\u001b[39mtoBe(\u001b[35m201\u001b[39m)\u001b[33m;\u001b[39m\u001b[22m\n\u001b[2m     \u001b[90m     |\u001b[39m                                    \u001b[31m\u001b[1m^\u001b[22m\u001b[2m\u001b[39m\u001b[22m\n\u001b[2m     \u001b[90m 210 |\u001b[39m             expect(res\u001b[33m.\u001b[39mbody\u001b[33m.\u001b[39mid)\u001b[33m.\u001b[39mtoBe(\u001b[35m10\u001b[39m)\u001b[33m;\u001b[39m\u001b[22m\n\u001b[2m     \u001b[90m 211 |\u001b[39m\u001b[22m\n\u001b[2m     \u001b[90m 212 |\u001b[39m             \u001b[90m// Verificar se o Supabase foi chamado para as partes certas\u001b[39m\u001b[0m\u001b[22m\n\u001b[2m\u001b[22m\n\u001b[2m      \u001b[2mat \u001b[22m\u001b[2m\u001b[0m\u001b[36msrc/__tests__/api.test.ts\u001b[39m\u001b[0m\u001b[2m:209:36\u001b[22m\u001b[2m\u001b[22m\n\u001b[2m      \u001b[2mat fulfilled (\u001b[22m\u001b[2m\u001b[0m\u001b[36msrc/__tests__/api.test.ts\u001b[39m\u001b[0m\u001b[2m:5:58)\u001b[22m\u001b[2m\u001b[22m\n","name":"C:\\AntiGravity\\Project1\\server\\src\\__tests__\\api.test.ts","startTime":1767479407920,"status":"failed","summary":""}],"wasInterrupted":false}
